=== 开始构建流程 2025年 08月 12日 星期二 14:37:50 CST ===
（可选）在宿主机预下载 Go 模块以便本地开发...
开始构建 Docker 镜像（使用 alpine 作为运行时镜像）...
#0 building with "default" instance using docker driver

#1 [internal] load build definition from dockerfile
#1 transferring dockerfile: 993B done
#1 DONE 0.1s

#2 [internal] load metadata for docker.io/library/golang:1.24
#2 DONE 1.4s

#3 [internal] load metadata for docker.io/library/alpine:3.20
#3 DONE 1.6s

#4 [internal] load .dockerignore
#4 transferring context: 2B done
#4 DONE 0.1s

#5 [stage-1 1/4] FROM docker.io/library/alpine:3.20@sha256:b3119ef930faabb6b7b976780c0c7a9c1aa24d0c75e9179ac10e6bc9ac080d0d
#5 DONE 0.0s

#6 [stage-1 2/4] RUN apk --no-cache add ca-certificates tzdata     && update-ca-certificates
#6 CACHED

#7 [builder 1/6] FROM docker.io/library/golang:1.24@sha256:2c89c41fb9efc3807029b59af69645867cfe978d2b877d475be0d72f6c6ce6f6
#7 CACHED

#8 [internal] load build context
#8 transferring context: 27.60kB 0.0s done
#8 DONE 0.5s

#9 [builder 2/6] WORKDIR /app
#9 ...

#10 [stage-1 3/4] WORKDIR /app
#10 DONE 3.0s

#9 [builder 2/6] WORKDIR /app
#9 DONE 3.1s

#11 [builder 3/6] COPY go.mod go.sum ./
#11 DONE 2.1s

#12 [builder 4/6] RUN go mod download
